CRITICAL - 2024-07-12 14:39:28 --> CodeIgniter\View\Exceptions\ViewException: Invalid file: "welcome_message1.php"
[Method: GET, Route: /]
in SYSTEMPATH\Exceptions\FrameworkException.php on line 41.
 1 SYSTEMPATH\View\View.php(222): CodeIgniter\Exceptions\FrameworkException::forInvalidFile('welcome_message1.php')
 2 SYSTEMPATH\Common.php(1171): CodeIgniter\View\View->render('welcome_message1', [], true)
 3 APPPATH\Controllers\Home.php(9): view('welcome_message1')
 4 SYSTEMPATH\CodeIgniter.php(933): App\Controllers\Home->index()
 5 SYSTEMPATH\CodeIgniter.php(509): CodeIgniter\CodeIgniter->runController(Object(App\Controllers\Home))
 6 SYSTEMPATH\CodeIgniter.php(355): CodeIgniter\CodeIgniter->handleRequest(null, Object(Config\Cache), false)
 7 SYSTEMPATH\Boot.php(325): CodeIgniter\CodeIgniter->run()
 8 SYSTEMPATH\Boot.php(67): CodeIgniter\Boot::runCodeIgniter(Object(CodeIgniter\CodeIgniter))
 9 FCPATH\index.php(56): CodeIgniter\Boot::bootWeb(Object(Config\Paths))
CRITICAL - 2024-07-12 14:40:53 --> CodeIgniter\View\Exceptions\ViewException: Invalid file: "welcome_message1.php"
[Method: GET, Route: /]
in SYSTEMPATH\Exceptions\FrameworkException.php on line 41.
 1 SYSTEMPATH\View\View.php(222): CodeIgniter\Exceptions\FrameworkException::forInvalidFile('welcome_message1.php')
 2 SYSTEMPATH\Common.php(1171): CodeIgniter\View\View->render('welcome_message1', [], true)
 3 APPPATH\Controllers\Home.php(9): view('welcome_message1')
 4 SYSTEMPATH\CodeIgniter.php(933): App\Controllers\Home->index()
 5 SYSTEMPATH\CodeIgniter.php(509): CodeIgniter\CodeIgniter->runController(Object(App\Controllers\Home))
 6 SYSTEMPATH\CodeIgniter.php(355): CodeIgniter\CodeIgniter->handleRequest(null, Object(Config\Cache), false)
 7 SYSTEMPATH\Boot.php(325): CodeIgniter\CodeIgniter->run()
 8 SYSTEMPATH\Boot.php(67): CodeIgniter\Boot::runCodeIgniter(Object(CodeIgniter\CodeIgniter))
 9 FCPATH\index.php(56): CodeIgniter\Boot::bootWeb(Object(Config\Paths))
CRITICAL - 2024-07-12 14:44:00 --> CodeIgniter\View\Exceptions\ViewException: Invalid file: "welcome_message1.php"
[Method: GET, Route: /]
in SYSTEMPATH\Exceptions\FrameworkException.php on line 41.
 1 SYSTEMPATH\View\View.php(222): CodeIgniter\Exceptions\FrameworkException::forInvalidFile('welcome_message1.php')
 2 SYSTEMPATH\Common.php(1171): CodeIgniter\View\View->render('welcome_message1', [], true)
 3 APPPATH\Controllers\Home.php(9): view('welcome_message1')
 4 SYSTEMPATH\CodeIgniter.php(933): App\Controllers\Home->index()
 5 SYSTEMPATH\CodeIgniter.php(509): CodeIgniter\CodeIgniter->runController(Object(App\Controllers\Home))
 6 SYSTEMPATH\CodeIgniter.php(355): CodeIgniter\CodeIgniter->handleRequest(null, Object(Config\Cache), false)
 7 SYSTEMPATH\Boot.php(325): CodeIgniter\CodeIgniter->run()
 8 SYSTEMPATH\Boot.php(67): CodeIgniter\Boot::runCodeIgniter(Object(CodeIgniter\CodeIgniter))
 9 FCPATH\index.php(56): CodeIgniter\Boot::bootWeb(Object(Config\Paths))
CRITICAL - 2024-07-12 14:44:05 --> CodeIgniter\View\Exceptions\ViewException: Invalid file: "welcome_message1.php"
[Method: GET, Route: /]
in SYSTEMPATH\Exceptions\FrameworkException.php on line 41.
 1 SYSTEMPATH\View\View.php(222): CodeIgniter\Exceptions\FrameworkException::forInvalidFile('welcome_message1.php')
 2 SYSTEMPATH\Common.php(1171): CodeIgniter\View\View->render('welcome_message1', [], true)
 3 APPPATH\Controllers\Home.php(9): view('welcome_message1')
 4 SYSTEMPATH\CodeIgniter.php(933): App\Controllers\Home->index()
 5 SYSTEMPATH\CodeIgniter.php(509): CodeIgniter\CodeIgniter->runController(Object(App\Controllers\Home))
 6 SYSTEMPATH\CodeIgniter.php(355): CodeIgniter\CodeIgniter->handleRequest(null, Object(Config\Cache), false)
 7 SYSTEMPATH\Boot.php(325): CodeIgniter\CodeIgniter->run()
 8 SYSTEMPATH\Boot.php(67): CodeIgniter\Boot::runCodeIgniter(Object(CodeIgniter\CodeIgniter))
 9 FCPATH\index.php(56): CodeIgniter\Boot::bootWeb(Object(Config\Paths))
CRITICAL - 2024-07-12 14:44:05 --> CodeIgniter\View\Exceptions\ViewException: Invalid file: "welcome_message1.php"
[Method: GET, Route: /]
in SYSTEMPATH\Exceptions\FrameworkException.php on line 41.
 1 SYSTEMPATH\View\View.php(222): CodeIgniter\Exceptions\FrameworkException::forInvalidFile('welcome_message1.php')
 2 SYSTEMPATH\Common.php(1171): CodeIgniter\View\View->render('welcome_message1', [], true)
 3 APPPATH\Controllers\Home.php(9): view('welcome_message1')
 4 SYSTEMPATH\CodeIgniter.php(933): App\Controllers\Home->index()
 5 SYSTEMPATH\CodeIgniter.php(509): CodeIgniter\CodeIgniter->runController(Object(App\Controllers\Home))
 6 SYSTEMPATH\CodeIgniter.php(355): CodeIgniter\CodeIgniter->handleRequest(null, Object(Config\Cache), false)
 7 SYSTEMPATH\Boot.php(325): CodeIgniter\CodeIgniter->run()
 8 SYSTEMPATH\Boot.php(67): CodeIgniter\Boot::runCodeIgniter(Object(CodeIgniter\CodeIgniter))
 9 FCPATH\index.php(56): CodeIgniter\Boot::bootWeb(Object(Config\Paths))
CRITICAL - 2024-07-12 14:44:05 --> CodeIgniter\View\Exceptions\ViewException: Invalid file: "welcome_message1.php"
[Method: GET, Route: /]
in SYSTEMPATH\Exceptions\FrameworkException.php on line 41.
 1 SYSTEMPATH\View\View.php(222): CodeIgniter\Exceptions\FrameworkException::forInvalidFile('welcome_message1.php')
 2 SYSTEMPATH\Common.php(1171): CodeIgniter\View\View->render('welcome_message1', [], true)
 3 APPPATH\Controllers\Home.php(9): view('welcome_message1')
 4 SYSTEMPATH\CodeIgniter.php(933): App\Controllers\Home->index()
 5 SYSTEMPATH\CodeIgniter.php(509): CodeIgniter\CodeIgniter->runController(Object(App\Controllers\Home))
 6 SYSTEMPATH\CodeIgniter.php(355): CodeIgniter\CodeIgniter->handleRequest(null, Object(Config\Cache), false)
 7 SYSTEMPATH\Boot.php(325): CodeIgniter\CodeIgniter->run()
 8 SYSTEMPATH\Boot.php(67): CodeIgniter\Boot::runCodeIgniter(Object(CodeIgniter\CodeIgniter))
 9 FCPATH\index.php(56): CodeIgniter\Boot::bootWeb(Object(Config\Paths))
CRITICAL - 2024-07-12 14:44:05 --> CodeIgniter\View\Exceptions\ViewException: Invalid file: "welcome_message1.php"
[Method: GET, Route: /]
in SYSTEMPATH\Exceptions\FrameworkException.php on line 41.
 1 SYSTEMPATH\View\View.php(222): CodeIgniter\Exceptions\FrameworkException::forInvalidFile('welcome_message1.php')
 2 SYSTEMPATH\Common.php(1171): CodeIgniter\View\View->render('welcome_message1', [], true)
 3 APPPATH\Controllers\Home.php(9): view('welcome_message1')
 4 SYSTEMPATH\CodeIgniter.php(933): App\Controllers\Home->index()
 5 SYSTEMPATH\CodeIgniter.php(509): CodeIgniter\CodeIgniter->runController(Object(App\Controllers\Home))
 6 SYSTEMPATH\CodeIgniter.php(355): CodeIgniter\CodeIgniter->handleRequest(null, Object(Config\Cache), false)
 7 SYSTEMPATH\Boot.php(325): CodeIgniter\CodeIgniter->run()
 8 SYSTEMPATH\Boot.php(67): CodeIgniter\Boot::runCodeIgniter(Object(CodeIgniter\CodeIgniter))
 9 FCPATH\index.php(56): CodeIgniter\Boot::bootWeb(Object(Config\Paths))
CRITICAL - 2024-07-12 14:44:05 --> CodeIgniter\View\Exceptions\ViewException: Invalid file: "welcome_message1.php"
[Method: GET, Route: /]
in SYSTEMPATH\Exceptions\FrameworkException.php on line 41.
 1 SYSTEMPATH\View\View.php(222): CodeIgniter\Exceptions\FrameworkException::forInvalidFile('welcome_message1.php')
 2 SYSTEMPATH\Common.php(1171): CodeIgniter\View\View->render('welcome_message1', [], true)
 3 APPPATH\Controllers\Home.php(9): view('welcome_message1')
 4 SYSTEMPATH\CodeIgniter.php(933): App\Controllers\Home->index()
 5 SYSTEMPATH\CodeIgniter.php(509): CodeIgniter\CodeIgniter->runController(Object(App\Controllers\Home))
 6 SYSTEMPATH\CodeIgniter.php(355): CodeIgniter\CodeIgniter->handleRequest(null, Object(Config\Cache), false)
 7 SYSTEMPATH\Boot.php(325): CodeIgniter\CodeIgniter->run()
 8 SYSTEMPATH\Boot.php(67): CodeIgniter\Boot::runCodeIgniter(Object(CodeIgniter\CodeIgniter))
 9 FCPATH\index.php(56): CodeIgniter\Boot::bootWeb(Object(Config\Paths))
CRITICAL - 2024-07-12 16:35:27 --> Error: Class "App\Controllers\RegionesModel" not found
[Method: GET, Route: ver_regiones]
in APPPATH\Controllers\Regiones.php on line 9.
 1 SYSTEMPATH\CodeIgniter.php(933): App\Controllers\Regiones->index()
 2 SYSTEMPATH\CodeIgniter.php(509): CodeIgniter\CodeIgniter->runController(Object(App\Controllers\Regiones))
 3 SYSTEMPATH\CodeIgniter.php(355): CodeIgniter\CodeIgniter->handleRequest(null, Object(Config\Cache), false)
 4 SYSTEMPATH\Boot.php(325): CodeIgniter\CodeIgniter->run()
 5 SYSTEMPATH\Boot.php(67): CodeIgniter\Boot::runCodeIgniter(Object(CodeIgniter\CodeIgniter))
 6 FCPATH\index.php(56): CodeIgniter\Boot::bootWeb(Object(Config\Paths))
CRITICAL - 2024-07-12 16:39:05 --> Error: Class "codeIgniter\Model" not found
[Method: GET, Route: ver_regiones]
in APPPATH\Models\RegionesModel.php on line 5.
 1 SYSTEMPATH\Autoloader\Autoloader.php(317): include_once()
 2 SYSTEMPATH\Autoloader\Autoloader.php(296): CodeIgniter\Autoloader\Autoloader->includeFile('C:\\xampp\\htdocs\\fs2024\\ci4_ciudadanos\\app\\Models\\RegionesModel.php')
 3 SYSTEMPATH\Autoloader\Autoloader.php(272): CodeIgniter\Autoloader\Autoloader->loadInNamespace('App\\Models\\RegionesModel')
 4 APPPATH\Controllers\Regiones.php(10): CodeIgniter\Autoloader\Autoloader->loadClass('App\\Models\\RegionesModel')
 5 SYSTEMPATH\CodeIgniter.php(933): App\Controllers\Regiones->index()
 6 SYSTEMPATH\CodeIgniter.php(509): CodeIgniter\CodeIgniter->runController(Object(App\Controllers\Regiones))
 7 SYSTEMPATH\CodeIgniter.php(355): CodeIgniter\CodeIgniter->handleRequest(null, Object(Config\Cache), false)
 8 SYSTEMPATH\Boot.php(325): CodeIgniter\CodeIgniter->run()
 9 SYSTEMPATH\Boot.php(67): CodeIgniter\Boot::runCodeIgniter(Object(CodeIgniter\CodeIgniter))
10 FCPATH\index.php(56): CodeIgniter\Boot::bootWeb(Object(Config\Paths))
CRITICAL - 2024-07-12 16:39:05 --> Error: Class "codeIgniter\Model" not found
[Method: GET, Route: ver_regiones]
in APPPATH\Models\RegionesModel.php on line 5.
 1 SYSTEMPATH\Autoloader\Autoloader.php(317): include_once()
 2 SYSTEMPATH\Autoloader\Autoloader.php(296): CodeIgniter\Autoloader\Autoloader->includeFile('C:\\xampp\\htdocs\\fs2024\\ci4_ciudadanos\\app\\Models\\RegionesModel.php')
 3 SYSTEMPATH\Autoloader\Autoloader.php(272): CodeIgniter\Autoloader\Autoloader->loadInNamespace('App\\Models\\RegionesModel')
 4 APPPATH\Controllers\Regiones.php(10): CodeIgniter\Autoloader\Autoloader->loadClass('App\\Models\\RegionesModel')
 5 SYSTEMPATH\CodeIgniter.php(933): App\Controllers\Regiones->index()
 6 SYSTEMPATH\CodeIgniter.php(509): CodeIgniter\CodeIgniter->runController(Object(App\Controllers\Regiones))
 7 SYSTEMPATH\CodeIgniter.php(355): CodeIgniter\CodeIgniter->handleRequest(null, Object(Config\Cache), false)
 8 SYSTEMPATH\Boot.php(325): CodeIgniter\CodeIgniter->run()
 9 SYSTEMPATH\Boot.php(67): CodeIgniter\Boot::runCodeIgniter(Object(CodeIgniter\CodeIgniter))
10 FCPATH\index.php(56): CodeIgniter\Boot::bootWeb(Object(Config\Paths))
CRITICAL - 2024-07-12 16:39:05 --> Error: Class "codeIgniter\Model" not found
[Method: GET, Route: ver_regiones]
in APPPATH\Models\RegionesModel.php on line 5.
 1 SYSTEMPATH\Autoloader\Autoloader.php(317): include_once()
 2 SYSTEMPATH\Autoloader\Autoloader.php(296): CodeIgniter\Autoloader\Autoloader->includeFile('C:\\xampp\\htdocs\\fs2024\\ci4_ciudadanos\\app\\Models\\RegionesModel.php')
 3 SYSTEMPATH\Autoloader\Autoloader.php(272): CodeIgniter\Autoloader\Autoloader->loadInNamespace('App\\Models\\RegionesModel')
 4 APPPATH\Controllers\Regiones.php(10): CodeIgniter\Autoloader\Autoloader->loadClass('App\\Models\\RegionesModel')
 5 SYSTEMPATH\CodeIgniter.php(933): App\Controllers\Regiones->index()
 6 SYSTEMPATH\CodeIgniter.php(509): CodeIgniter\CodeIgniter->runController(Object(App\Controllers\Regiones))
 7 SYSTEMPATH\CodeIgniter.php(355): CodeIgniter\CodeIgniter->handleRequest(null, Object(Config\Cache), false)
 8 SYSTEMPATH\Boot.php(325): CodeIgniter\CodeIgniter->run()
 9 SYSTEMPATH\Boot.php(67): CodeIgniter\Boot::runCodeIgniter(Object(CodeIgniter\CodeIgniter))
10 FCPATH\index.php(56): CodeIgniter\Boot::bootWeb(Object(Config\Paths))
CRITICAL - 2024-07-12 16:39:06 --> Error: Class "codeIgniter\Model" not found
[Method: GET, Route: ver_regiones]
in APPPATH\Models\RegionesModel.php on line 5.
 1 SYSTEMPATH\Autoloader\Autoloader.php(317): include_once()
 2 SYSTEMPATH\Autoloader\Autoloader.php(296): CodeIgniter\Autoloader\Autoloader->includeFile('C:\\xampp\\htdocs\\fs2024\\ci4_ciudadanos\\app\\Models\\RegionesModel.php')
 3 SYSTEMPATH\Autoloader\Autoloader.php(272): CodeIgniter\Autoloader\Autoloader->loadInNamespace('App\\Models\\RegionesModel')
 4 APPPATH\Controllers\Regiones.php(10): CodeIgniter\Autoloader\Autoloader->loadClass('App\\Models\\RegionesModel')
 5 SYSTEMPATH\CodeIgniter.php(933): App\Controllers\Regiones->index()
 6 SYSTEMPATH\CodeIgniter.php(509): CodeIgniter\CodeIgniter->runController(Object(App\Controllers\Regiones))
 7 SYSTEMPATH\CodeIgniter.php(355): CodeIgniter\CodeIgniter->handleRequest(null, Object(Config\Cache), false)
 8 SYSTEMPATH\Boot.php(325): CodeIgniter\CodeIgniter->run()
 9 SYSTEMPATH\Boot.php(67): CodeIgniter\Boot::runCodeIgniter(Object(CodeIgniter\CodeIgniter))
10 FCPATH\index.php(56): CodeIgniter\Boot::bootWeb(Object(Config\Paths))
CRITICAL - 2024-07-12 16:41:13 --> Error: Class "codeIgniter\Model" not found
[Method: GET, Route: ver_regiones]
in APPPATH\Models\RegionesModel.php on line 5.
 1 SYSTEMPATH\Autoloader\Autoloader.php(317): include_once()
 2 SYSTEMPATH\Autoloader\Autoloader.php(296): CodeIgniter\Autoloader\Autoloader->includeFile('C:\\xampp\\htdocs\\fs2024\\ci4_ciudadanos\\app\\Models\\RegionesModel.php')
 3 SYSTEMPATH\Autoloader\Autoloader.php(272): CodeIgniter\Autoloader\Autoloader->loadInNamespace('App\\Models\\RegionesModel')
 4 APPPATH\Controllers\Regiones.php(10): CodeIgniter\Autoloader\Autoloader->loadClass('App\\Models\\RegionesModel')
 5 SYSTEMPATH\CodeIgniter.php(933): App\Controllers\Regiones->index()
 6 SYSTEMPATH\CodeIgniter.php(509): CodeIgniter\CodeIgniter->runController(Object(App\Controllers\Regiones))
 7 SYSTEMPATH\CodeIgniter.php(355): CodeIgniter\CodeIgniter->handleRequest(null, Object(Config\Cache), false)
 8 SYSTEMPATH\Boot.php(325): CodeIgniter\CodeIgniter->run()
 9 SYSTEMPATH\Boot.php(67): CodeIgniter\Boot::runCodeIgniter(Object(CodeIgniter\CodeIgniter))
10 FCPATH\index.php(56): CodeIgniter\Boot::bootWeb(Object(Config\Paths))
CRITICAL - 2024-07-12 16:41:14 --> Error: Class "codeIgniter\Model" not found
[Method: GET, Route: ver_regiones]
in APPPATH\Models\RegionesModel.php on line 5.
 1 SYSTEMPATH\Autoloader\Autoloader.php(317): include_once()
 2 SYSTEMPATH\Autoloader\Autoloader.php(296): CodeIgniter\Autoloader\Autoloader->includeFile('C:\\xampp\\htdocs\\fs2024\\ci4_ciudadanos\\app\\Models\\RegionesModel.php')
 3 SYSTEMPATH\Autoloader\Autoloader.php(272): CodeIgniter\Autoloader\Autoloader->loadInNamespace('App\\Models\\RegionesModel')
 4 APPPATH\Controllers\Regiones.php(10): CodeIgniter\Autoloader\Autoloader->loadClass('App\\Models\\RegionesModel')
 5 SYSTEMPATH\CodeIgniter.php(933): App\Controllers\Regiones->index()
 6 SYSTEMPATH\CodeIgniter.php(509): CodeIgniter\CodeIgniter->runController(Object(App\Controllers\Regiones))
 7 SYSTEMPATH\CodeIgniter.php(355): CodeIgniter\CodeIgniter->handleRequest(null, Object(Config\Cache), false)
 8 SYSTEMPATH\Boot.php(325): CodeIgniter\CodeIgniter->run()
 9 SYSTEMPATH\Boot.php(67): CodeIgniter\Boot::runCodeIgniter(Object(CodeIgniter\CodeIgniter))
10 FCPATH\index.php(56): CodeIgniter\Boot::bootWeb(Object(Config\Paths))
CRITICAL - 2024-07-12 16:41:15 --> Error: Class "codeIgniter\Model" not found
[Method: GET, Route: ver_regiones]
in APPPATH\Models\RegionesModel.php on line 5.
 1 SYSTEMPATH\Autoloader\Autoloader.php(317): include_once()
 2 SYSTEMPATH\Autoloader\Autoloader.php(296): CodeIgniter\Autoloader\Autoloader->includeFile('C:\\xampp\\htdocs\\fs2024\\ci4_ciudadanos\\app\\Models\\RegionesModel.php')
 3 SYSTEMPATH\Autoloader\Autoloader.php(272): CodeIgniter\Autoloader\Autoloader->loadInNamespace('App\\Models\\RegionesModel')
 4 APPPATH\Controllers\Regiones.php(10): CodeIgniter\Autoloader\Autoloader->loadClass('App\\Models\\RegionesModel')
 5 SYSTEMPATH\CodeIgniter.php(933): App\Controllers\Regiones->index()
 6 SYSTEMPATH\CodeIgniter.php(509): CodeIgniter\CodeIgniter->runController(Object(App\Controllers\Regiones))
 7 SYSTEMPATH\CodeIgniter.php(355): CodeIgniter\CodeIgniter->handleRequest(null, Object(Config\Cache), false)
 8 SYSTEMPATH\Boot.php(325): CodeIgniter\CodeIgniter->run()
 9 SYSTEMPATH\Boot.php(67): CodeIgniter\Boot::runCodeIgniter(Object(CodeIgniter\CodeIgniter))
10 FCPATH\index.php(56): CodeIgniter\Boot::bootWeb(Object(Config\Paths))
CRITICAL - 2024-07-12 16:41:15 --> Error: Class "codeIgniter\Model" not found
[Method: GET, Route: ver_regiones]
in APPPATH\Models\RegionesModel.php on line 5.
 1 SYSTEMPATH\Autoloader\Autoloader.php(317): include_once()
 2 SYSTEMPATH\Autoloader\Autoloader.php(296): CodeIgniter\Autoloader\Autoloader->includeFile('C:\\xampp\\htdocs\\fs2024\\ci4_ciudadanos\\app\\Models\\RegionesModel.php')
 3 SYSTEMPATH\Autoloader\Autoloader.php(272): CodeIgniter\Autoloader\Autoloader->loadInNamespace('App\\Models\\RegionesModel')
 4 APPPATH\Controllers\Regiones.php(10): CodeIgniter\Autoloader\Autoloader->loadClass('App\\Models\\RegionesModel')
 5 SYSTEMPATH\CodeIgniter.php(933): App\Controllers\Regiones->index()
 6 SYSTEMPATH\CodeIgniter.php(509): CodeIgniter\CodeIgniter->runController(Object(App\Controllers\Regiones))
 7 SYSTEMPATH\CodeIgniter.php(355): CodeIgniter\CodeIgniter->handleRequest(null, Object(Config\Cache), false)
 8 SYSTEMPATH\Boot.php(325): CodeIgniter\CodeIgniter->run()
 9 SYSTEMPATH\Boot.php(67): CodeIgniter\Boot::runCodeIgniter(Object(CodeIgniter\CodeIgniter))
10 FCPATH\index.php(56): CodeIgniter\Boot::bootWeb(Object(Config\Paths))
CRITICAL - 2024-07-12 16:41:20 --> Error: Class "codeIgniter\Model" not found
[Method: GET, Route: ver_regiones]
in APPPATH\Models\RegionesModel.php on line 5.
 1 SYSTEMPATH\Autoloader\Autoloader.php(317): include_once()
 2 SYSTEMPATH\Autoloader\Autoloader.php(296): CodeIgniter\Autoloader\Autoloader->includeFile('C:\\xampp\\htdocs\\fs2024\\ci4_ciudadanos\\app\\Models\\RegionesModel.php')
 3 SYSTEMPATH\Autoloader\Autoloader.php(272): CodeIgniter\Autoloader\Autoloader->loadInNamespace('App\\Models\\RegionesModel')
 4 APPPATH\Controllers\Regiones.php(10): CodeIgniter\Autoloader\Autoloader->loadClass('App\\Models\\RegionesModel')
 5 SYSTEMPATH\CodeIgniter.php(933): App\Controllers\Regiones->index()
 6 SYSTEMPATH\CodeIgniter.php(509): CodeIgniter\CodeIgniter->runController(Object(App\Controllers\Regiones))
 7 SYSTEMPATH\CodeIgniter.php(355): CodeIgniter\CodeIgniter->handleRequest(null, Object(Config\Cache), false)
 8 SYSTEMPATH\Boot.php(325): CodeIgniter\CodeIgniter->run()
 9 SYSTEMPATH\Boot.php(67): CodeIgniter\Boot::runCodeIgniter(Object(CodeIgniter\CodeIgniter))
10 FCPATH\index.php(56): CodeIgniter\Boot::bootWeb(Object(Config\Paths))
CRITICAL - 2024-07-12 16:42:02 --> CodeIgniter\View\Exceptions\ViewException: Invalid file: "welcome_message1.php"
[Method: GET, Route: /]
in SYSTEMPATH\Exceptions\FrameworkException.php on line 41.
 1 SYSTEMPATH\View\View.php(222): CodeIgniter\Exceptions\FrameworkException::forInvalidFile('welcome_message1.php')
 2 SYSTEMPATH\Common.php(1171): CodeIgniter\View\View->render('welcome_message1', [], true)
 3 APPPATH\Controllers\Home.php(9): view('welcome_message1')
 4 SYSTEMPATH\CodeIgniter.php(933): App\Controllers\Home->index()
 5 SYSTEMPATH\CodeIgniter.php(509): CodeIgniter\CodeIgniter->runController(Object(App\Controllers\Home))
 6 SYSTEMPATH\CodeIgniter.php(355): CodeIgniter\CodeIgniter->handleRequest(null, Object(Config\Cache), false)
 7 SYSTEMPATH\Boot.php(325): CodeIgniter\CodeIgniter->run()
 8 SYSTEMPATH\Boot.php(67): CodeIgniter\Boot::runCodeIgniter(Object(CodeIgniter\CodeIgniter))
 9 FCPATH\index.php(56): CodeIgniter\Boot::bootWeb(Object(Config\Paths))
CRITICAL - 2024-07-12 16:42:08 --> Error: Class "codeIgniter\Model" not found
[Method: GET, Route: ver_regiones]
in APPPATH\Models\RegionesModel.php on line 5.
 1 SYSTEMPATH\Autoloader\Autoloader.php(317): include_once()
 2 SYSTEMPATH\Autoloader\Autoloader.php(296): CodeIgniter\Autoloader\Autoloader->includeFile('C:\\xampp\\htdocs\\fs2024\\ci4_ciudadanos\\app\\Models\\RegionesModel.php')
 3 SYSTEMPATH\Autoloader\Autoloader.php(272): CodeIgniter\Autoloader\Autoloader->loadInNamespace('App\\Models\\RegionesModel')
 4 APPPATH\Controllers\Regiones.php(10): CodeIgniter\Autoloader\Autoloader->loadClass('App\\Models\\RegionesModel')
 5 SYSTEMPATH\CodeIgniter.php(933): App\Controllers\Regiones->index()
 6 SYSTEMPATH\CodeIgniter.php(509): CodeIgniter\CodeIgniter->runController(Object(App\Controllers\Regiones))
 7 SYSTEMPATH\CodeIgniter.php(355): CodeIgniter\CodeIgniter->handleRequest(null, Object(Config\Cache), false)
 8 SYSTEMPATH\Boot.php(325): CodeIgniter\CodeIgniter->run()
 9 SYSTEMPATH\Boot.php(67): CodeIgniter\Boot::runCodeIgniter(Object(CodeIgniter\CodeIgniter))
10 FCPATH\index.php(56): CodeIgniter\Boot::bootWeb(Object(Config\Paths))
CRITICAL - 2024-07-12 16:42:39 --> Error: Class "codeIgniter\Model" not found
[Method: GET, Route: ver_regiones]
in APPPATH\Models\RegionesModel.php on line 5.
 1 SYSTEMPATH\Autoloader\Autoloader.php(317): include_once()
 2 SYSTEMPATH\Autoloader\Autoloader.php(296): CodeIgniter\Autoloader\Autoloader->includeFile('C:\\xampp\\htdocs\\fs2024\\ci4_ciudadanos\\app\\Models\\RegionesModel.php')
 3 SYSTEMPATH\Autoloader\Autoloader.php(272): CodeIgniter\Autoloader\Autoloader->loadInNamespace('App\\Models\\RegionesModel')
 4 APPPATH\Controllers\Regiones.php(10): CodeIgniter\Autoloader\Autoloader->loadClass('App\\Models\\RegionesModel')
 5 SYSTEMPATH\CodeIgniter.php(933): App\Controllers\Regiones->index()
 6 SYSTEMPATH\CodeIgniter.php(509): CodeIgniter\CodeIgniter->runController(Object(App\Controllers\Regiones))
 7 SYSTEMPATH\CodeIgniter.php(355): CodeIgniter\CodeIgniter->handleRequest(null, Object(Config\Cache), false)
 8 SYSTEMPATH\Boot.php(325): CodeIgniter\CodeIgniter->run()
 9 SYSTEMPATH\Boot.php(67): CodeIgniter\Boot::runCodeIgniter(Object(CodeIgniter\CodeIgniter))
10 FCPATH\index.php(56): CodeIgniter\Boot::bootWeb(Object(Config\Paths))
CRITICAL - 2024-07-12 16:44:15 --> ParseError: syntax error, unexpected token ";", expecting "{"
[Method: GET, Route: ver_regiones]
in APPPATH\Models\RegionesModel.php on line 5.
 1 SYSTEMPATH\Autoloader\Autoloader.php(296): CodeIgniter\Autoloader\Autoloader->includeFile('C:\\xampp\\htdocs\\fs2024\\ci4_ciudadanos\\app\\Models\\RegionesModel.php')
 2 SYSTEMPATH\Autoloader\Autoloader.php(272): CodeIgniter\Autoloader\Autoloader->loadInNamespace('App\\Models\\RegionesModel')
 3 APPPATH\Controllers\Regiones.php(10): CodeIgniter\Autoloader\Autoloader->loadClass('App\\Models\\RegionesModel')
 4 SYSTEMPATH\CodeIgniter.php(933): App\Controllers\Regiones->index()
 5 SYSTEMPATH\CodeIgniter.php(509): CodeIgniter\CodeIgniter->runController(Object(App\Controllers\Regiones))
 6 SYSTEMPATH\CodeIgniter.php(355): CodeIgniter\CodeIgniter->handleRequest(null, Object(Config\Cache), false)
 7 SYSTEMPATH\Boot.php(325): CodeIgniter\CodeIgniter->run()
 8 SYSTEMPATH\Boot.php(67): CodeIgniter\Boot::runCodeIgniter(Object(CodeIgniter\CodeIgniter))
 9 FCPATH\index.php(56): CodeIgniter\Boot::bootWeb(Object(Config\Paths))
CRITICAL - 2024-07-12 16:53:51 --> ErrorException: Undefined variable $datos
[Method: GET, Route: ver_regiones]
in APPPATH\Views\regiones.php on line 22.
 1 APPPATH\Views\regiones.php(22): CodeIgniter\Debug\Exceptions->errorHandler(2, 'Undefined variable $datos', 'C:\\xampp\\htdocs\\fs2024\\ci4_ciudadanos\\app\\Views\\regiones.php', 22)
 2 SYSTEMPATH\View\View.php(234): include('C:\\xampp\\htdocs\\fs2024\\ci4_ciudadanos\\app\\Views\\regiones.php')
 3 SYSTEMPATH\View\View.php(237): CodeIgniter\View\View->CodeIgniter\View\{closure}()
 4 SYSTEMPATH\Common.php(1171): CodeIgniter\View\View->render('regiones', [], true)
 5 APPPATH\Controllers\Regiones.php(15): view('regiones')
 6 SYSTEMPATH\CodeIgniter.php(933): App\Controllers\Regiones->index()
 7 SYSTEMPATH\CodeIgniter.php(509): CodeIgniter\CodeIgniter->runController(Object(App\Controllers\Regiones))
 8 SYSTEMPATH\CodeIgniter.php(355): CodeIgniter\CodeIgniter->handleRequest(null, Object(Config\Cache), false)
 9 SYSTEMPATH\Boot.php(325): CodeIgniter\CodeIgniter->run()
10 SYSTEMPATH\Boot.php(67): CodeIgniter\Boot::runCodeIgniter(Object(CodeIgniter\CodeIgniter))
11 FCPATH\index.php(56): CodeIgniter\Boot::bootWeb(Object(Config\Paths))
CRITICAL - 2024-07-12 16:54:16 --> ParseError: syntax error, unexpected token "endforeach", expecting end of file
[Method: GET, Route: ver_regiones]
in APPPATH\Views\regiones.php on line 30.
 1 SYSTEMPATH\View\View.php(237): CodeIgniter\View\View->CodeIgniter\View\{closure}()
 2 SYSTEMPATH\Common.php(1171): CodeIgniter\View\View->render('regiones', [], true)
 3 APPPATH\Controllers\Regiones.php(15): view('regiones')
 4 SYSTEMPATH\CodeIgniter.php(933): App\Controllers\Regiones->index()
 5 SYSTEMPATH\CodeIgniter.php(509): CodeIgniter\CodeIgniter->runController(Object(App\Controllers\Regiones))
 6 SYSTEMPATH\CodeIgniter.php(355): CodeIgniter\CodeIgniter->handleRequest(null, Object(Config\Cache), false)
 7 SYSTEMPATH\Boot.php(325): CodeIgniter\CodeIgniter->run()
 8 SYSTEMPATH\Boot.php(67): CodeIgniter\Boot::runCodeIgniter(Object(CodeIgniter\CodeIgniter))
 9 FCPATH\index.php(56): CodeIgniter\Boot::bootWeb(Object(Config\Paths))
CRITICAL - 2024-07-12 16:54:45 --> ErrorException: Undefined variable $datos
[Method: GET, Route: ver_regiones]
in APPPATH\Views\regiones.php on line 22.
 1 APPPATH\Views\regiones.php(22): CodeIgniter\Debug\Exceptions->errorHandler(2, 'Undefined variable $datos', 'C:\\xampp\\htdocs\\fs2024\\ci4_ciudadanos\\app\\Views\\regiones.php', 22)
 2 SYSTEMPATH\View\View.php(234): include('C:\\xampp\\htdocs\\fs2024\\ci4_ciudadanos\\app\\Views\\regiones.php')
 3 SYSTEMPATH\View\View.php(237): CodeIgniter\View\View->CodeIgniter\View\{closure}()
 4 SYSTEMPATH\Common.php(1171): CodeIgniter\View\View->render('regiones', [], true)
 5 APPPATH\Controllers\Regiones.php(15): view('regiones')
 6 SYSTEMPATH\CodeIgniter.php(933): App\Controllers\Regiones->index()
 7 SYSTEMPATH\CodeIgniter.php(509): CodeIgniter\CodeIgniter->runController(Object(App\Controllers\Regiones))
 8 SYSTEMPATH\CodeIgniter.php(355): CodeIgniter\CodeIgniter->handleRequest(null, Object(Config\Cache), false)
 9 SYSTEMPATH\Boot.php(325): CodeIgniter\CodeIgniter->run()
10 SYSTEMPATH\Boot.php(67): CodeIgniter\Boot::runCodeIgniter(Object(CodeIgniter\CodeIgniter))
11 FCPATH\index.php(56): CodeIgniter\Boot::bootWeb(Object(Config\Paths))
CRITICAL - 2024-07-12 16:55:12 --> ErrorException: Undefined variable $datos
[Method: GET, Route: ver_regiones]
in APPPATH\Views\regiones.php on line 22.
 1 APPPATH\Views\regiones.php(22): CodeIgniter\Debug\Exceptions->errorHandler(2, 'Undefined variable $datos', 'C:\\xampp\\htdocs\\fs2024\\ci4_ciudadanos\\app\\Views\\regiones.php', 22)
 2 SYSTEMPATH\View\View.php(234): include('C:\\xampp\\htdocs\\fs2024\\ci4_ciudadanos\\app\\Views\\regiones.php')
 3 SYSTEMPATH\View\View.php(237): CodeIgniter\View\View->CodeIgniter\View\{closure}()
 4 SYSTEMPATH\Common.php(1171): CodeIgniter\View\View->render('regiones', [], true)
 5 APPPATH\Controllers\Regiones.php(15): view('regiones')
 6 SYSTEMPATH\CodeIgniter.php(933): App\Controllers\Regiones->index()
 7 SYSTEMPATH\CodeIgniter.php(509): CodeIgniter\CodeIgniter->runController(Object(App\Controllers\Regiones))
 8 SYSTEMPATH\CodeIgniter.php(355): CodeIgniter\CodeIgniter->handleRequest(null, Object(Config\Cache), false)
 9 SYSTEMPATH\Boot.php(325): CodeIgniter\CodeIgniter->run()
10 SYSTEMPATH\Boot.php(67): CodeIgniter\Boot::runCodeIgniter(Object(CodeIgniter\CodeIgniter))
11 FCPATH\index.php(56): CodeIgniter\Boot::bootWeb(Object(Config\Paths))
CRITICAL - 2024-07-12 16:55:14 --> ErrorException: Undefined variable $datos
[Method: GET, Route: ver_regiones]
in APPPATH\Views\regiones.php on line 22.
 1 APPPATH\Views\regiones.php(22): CodeIgniter\Debug\Exceptions->errorHandler(2, 'Undefined variable $datos', 'C:\\xampp\\htdocs\\fs2024\\ci4_ciudadanos\\app\\Views\\regiones.php', 22)
 2 SYSTEMPATH\View\View.php(234): include('C:\\xampp\\htdocs\\fs2024\\ci4_ciudadanos\\app\\Views\\regiones.php')
 3 SYSTEMPATH\View\View.php(237): CodeIgniter\View\View->CodeIgniter\View\{closure}()
 4 SYSTEMPATH\Common.php(1171): CodeIgniter\View\View->render('regiones', [], true)
 5 APPPATH\Controllers\Regiones.php(15): view('regiones')
 6 SYSTEMPATH\CodeIgniter.php(933): App\Controllers\Regiones->index()
 7 SYSTEMPATH\CodeIgniter.php(509): CodeIgniter\CodeIgniter->runController(Object(App\Controllers\Regiones))
 8 SYSTEMPATH\CodeIgniter.php(355): CodeIgniter\CodeIgniter->handleRequest(null, Object(Config\Cache), false)
 9 SYSTEMPATH\Boot.php(325): CodeIgniter\CodeIgniter->run()
10 SYSTEMPATH\Boot.php(67): CodeIgniter\Boot::runCodeIgniter(Object(CodeIgniter\CodeIgniter))
11 FCPATH\index.php(56): CodeIgniter\Boot::bootWeb(Object(Config\Paths))
CRITICAL - 2024-07-12 16:55:14 --> ErrorException: Undefined variable $datos
[Method: GET, Route: ver_regiones]
in APPPATH\Views\regiones.php on line 22.
 1 APPPATH\Views\regiones.php(22): CodeIgniter\Debug\Exceptions->errorHandler(2, 'Undefined variable $datos', 'C:\\xampp\\htdocs\\fs2024\\ci4_ciudadanos\\app\\Views\\regiones.php', 22)
 2 SYSTEMPATH\View\View.php(234): include('C:\\xampp\\htdocs\\fs2024\\ci4_ciudadanos\\app\\Views\\regiones.php')
 3 SYSTEMPATH\View\View.php(237): CodeIgniter\View\View->CodeIgniter\View\{closure}()
 4 SYSTEMPATH\Common.php(1171): CodeIgniter\View\View->render('regiones', [], true)
 5 APPPATH\Controllers\Regiones.php(15): view('regiones')
 6 SYSTEMPATH\CodeIgniter.php(933): App\Controllers\Regiones->index()
 7 SYSTEMPATH\CodeIgniter.php(509): CodeIgniter\CodeIgniter->runController(Object(App\Controllers\Regiones))
 8 SYSTEMPATH\CodeIgniter.php(355): CodeIgniter\CodeIgniter->handleRequest(null, Object(Config\Cache), false)
 9 SYSTEMPATH\Boot.php(325): CodeIgniter\CodeIgniter->run()
10 SYSTEMPATH\Boot.php(67): CodeIgniter\Boot::runCodeIgniter(Object(CodeIgniter\CodeIgniter))
11 FCPATH\index.php(56): CodeIgniter\Boot::bootWeb(Object(Config\Paths))
CRITICAL - 2024-07-12 16:55:55 --> ErrorException: Undefined variable $datos
[Method: GET, Route: ver_regiones]
in APPPATH\Views\regiones.php on line 22.
 1 APPPATH\Views\regiones.php(22): CodeIgniter\Debug\Exceptions->errorHandler(2, 'Undefined variable $datos', 'C:\\xampp\\htdocs\\fs2024\\ci4_ciudadanos\\app\\Views\\regiones.php', 22)
 2 SYSTEMPATH\View\View.php(234): include('C:\\xampp\\htdocs\\fs2024\\ci4_ciudadanos\\app\\Views\\regiones.php')
 3 SYSTEMPATH\View\View.php(237): CodeIgniter\View\View->CodeIgniter\View\{closure}()
 4 SYSTEMPATH\Common.php(1171): CodeIgniter\View\View->render('regiones', [], true)
 5 APPPATH\Controllers\Regiones.php(15): view('regiones')
 6 SYSTEMPATH\CodeIgniter.php(933): App\Controllers\Regiones->index()
 7 SYSTEMPATH\CodeIgniter.php(509): CodeIgniter\CodeIgniter->runController(Object(App\Controllers\Regiones))
 8 SYSTEMPATH\CodeIgniter.php(355): CodeIgniter\CodeIgniter->handleRequest(null, Object(Config\Cache), false)
 9 SYSTEMPATH\Boot.php(325): CodeIgniter\CodeIgniter->run()
10 SYSTEMPATH\Boot.php(67): CodeIgniter\Boot::runCodeIgniter(Object(CodeIgniter\CodeIgniter))
11 FCPATH\index.php(56): CodeIgniter\Boot::bootWeb(Object(Config\Paths))
CRITICAL - 2024-07-12 16:55:55 --> ErrorException: Undefined variable $datos
[Method: GET, Route: ver_regiones]
in APPPATH\Views\regiones.php on line 22.
 1 APPPATH\Views\regiones.php(22): CodeIgniter\Debug\Exceptions->errorHandler(2, 'Undefined variable $datos', 'C:\\xampp\\htdocs\\fs2024\\ci4_ciudadanos\\app\\Views\\regiones.php', 22)
 2 SYSTEMPATH\View\View.php(234): include('C:\\xampp\\htdocs\\fs2024\\ci4_ciudadanos\\app\\Views\\regiones.php')
 3 SYSTEMPATH\View\View.php(237): CodeIgniter\View\View->CodeIgniter\View\{closure}()
 4 SYSTEMPATH\Common.php(1171): CodeIgniter\View\View->render('regiones', [], true)
 5 APPPATH\Controllers\Regiones.php(15): view('regiones')
 6 SYSTEMPATH\CodeIgniter.php(933): App\Controllers\Regiones->index()
 7 SYSTEMPATH\CodeIgniter.php(509): CodeIgniter\CodeIgniter->runController(Object(App\Controllers\Regiones))
 8 SYSTEMPATH\CodeIgniter.php(355): CodeIgniter\CodeIgniter->handleRequest(null, Object(Config\Cache), false)
 9 SYSTEMPATH\Boot.php(325): CodeIgniter\CodeIgniter->run()
10 SYSTEMPATH\Boot.php(67): CodeIgniter\Boot::runCodeIgniter(Object(CodeIgniter\CodeIgniter))
11 FCPATH\index.php(56): CodeIgniter\Boot::bootWeb(Object(Config\Paths))
CRITICAL - 2024-07-12 16:55:55 --> ErrorException: Undefined variable $datos
[Method: GET, Route: ver_regiones]
in APPPATH\Views\regiones.php on line 22.
 1 APPPATH\Views\regiones.php(22): CodeIgniter\Debug\Exceptions->errorHandler(2, 'Undefined variable $datos', 'C:\\xampp\\htdocs\\fs2024\\ci4_ciudadanos\\app\\Views\\regiones.php', 22)
 2 SYSTEMPATH\View\View.php(234): include('C:\\xampp\\htdocs\\fs2024\\ci4_ciudadanos\\app\\Views\\regiones.php')
 3 SYSTEMPATH\View\View.php(237): CodeIgniter\View\View->CodeIgniter\View\{closure}()
 4 SYSTEMPATH\Common.php(1171): CodeIgniter\View\View->render('regiones', [], true)
 5 APPPATH\Controllers\Regiones.php(15): view('regiones')
 6 SYSTEMPATH\CodeIgniter.php(933): App\Controllers\Regiones->index()
 7 SYSTEMPATH\CodeIgniter.php(509): CodeIgniter\CodeIgniter->runController(Object(App\Controllers\Regiones))
 8 SYSTEMPATH\CodeIgniter.php(355): CodeIgniter\CodeIgniter->handleRequest(null, Object(Config\Cache), false)
 9 SYSTEMPATH\Boot.php(325): CodeIgniter\CodeIgniter->run()
10 SYSTEMPATH\Boot.php(67): CodeIgniter\Boot::runCodeIgniter(Object(CodeIgniter\CodeIgniter))
11 FCPATH\index.php(56): CodeIgniter\Boot::bootWeb(Object(Config\Paths))
CRITICAL - 2024-07-12 16:55:56 --> ErrorException: Undefined variable $datos
[Method: GET, Route: ver_regiones]
in APPPATH\Views\regiones.php on line 22.
 1 APPPATH\Views\regiones.php(22): CodeIgniter\Debug\Exceptions->errorHandler(2, 'Undefined variable $datos', 'C:\\xampp\\htdocs\\fs2024\\ci4_ciudadanos\\app\\Views\\regiones.php', 22)
 2 SYSTEMPATH\View\View.php(234): include('C:\\xampp\\htdocs\\fs2024\\ci4_ciudadanos\\app\\Views\\regiones.php')
 3 SYSTEMPATH\View\View.php(237): CodeIgniter\View\View->CodeIgniter\View\{closure}()
 4 SYSTEMPATH\Common.php(1171): CodeIgniter\View\View->render('regiones', [], true)
 5 APPPATH\Controllers\Regiones.php(15): view('regiones')
 6 SYSTEMPATH\CodeIgniter.php(933): App\Controllers\Regiones->index()
 7 SYSTEMPATH\CodeIgniter.php(509): CodeIgniter\CodeIgniter->runController(Object(App\Controllers\Regiones))
 8 SYSTEMPATH\CodeIgniter.php(355): CodeIgniter\CodeIgniter->handleRequest(null, Object(Config\Cache), false)
 9 SYSTEMPATH\Boot.php(325): CodeIgniter\CodeIgniter->run()
10 SYSTEMPATH\Boot.php(67): CodeIgniter\Boot::runCodeIgniter(Object(CodeIgniter\CodeIgniter))
11 FCPATH\index.php(56): CodeIgniter\Boot::bootWeb(Object(Config\Paths))
CRITICAL - 2024-07-12 16:55:56 --> ErrorException: Undefined variable $datos
[Method: GET, Route: ver_regiones]
in APPPATH\Views\regiones.php on line 22.
 1 APPPATH\Views\regiones.php(22): CodeIgniter\Debug\Exceptions->errorHandler(2, 'Undefined variable $datos', 'C:\\xampp\\htdocs\\fs2024\\ci4_ciudadanos\\app\\Views\\regiones.php', 22)
 2 SYSTEMPATH\View\View.php(234): include('C:\\xampp\\htdocs\\fs2024\\ci4_ciudadanos\\app\\Views\\regiones.php')
 3 SYSTEMPATH\View\View.php(237): CodeIgniter\View\View->CodeIgniter\View\{closure}()
 4 SYSTEMPATH\Common.php(1171): CodeIgniter\View\View->render('regiones', [], true)
 5 APPPATH\Controllers\Regiones.php(15): view('regiones')
 6 SYSTEMPATH\CodeIgniter.php(933): App\Controllers\Regiones->index()
 7 SYSTEMPATH\CodeIgniter.php(509): CodeIgniter\CodeIgniter->runController(Object(App\Controllers\Regiones))
 8 SYSTEMPATH\CodeIgniter.php(355): CodeIgniter\CodeIgniter->handleRequest(null, Object(Config\Cache), false)
 9 SYSTEMPATH\Boot.php(325): CodeIgniter\CodeIgniter->run()
10 SYSTEMPATH\Boot.php(67): CodeIgniter\Boot::runCodeIgniter(Object(CodeIgniter\CodeIgniter))
11 FCPATH\index.php(56): CodeIgniter\Boot::bootWeb(Object(Config\Paths))
CRITICAL - 2024-07-12 16:55:56 --> ErrorException: Undefined variable $datos
[Method: GET, Route: ver_regiones]
in APPPATH\Views\regiones.php on line 22.
 1 APPPATH\Views\regiones.php(22): CodeIgniter\Debug\Exceptions->errorHandler(2, 'Undefined variable $datos', 'C:\\xampp\\htdocs\\fs2024\\ci4_ciudadanos\\app\\Views\\regiones.php', 22)
 2 SYSTEMPATH\View\View.php(234): include('C:\\xampp\\htdocs\\fs2024\\ci4_ciudadanos\\app\\Views\\regiones.php')
 3 SYSTEMPATH\View\View.php(237): CodeIgniter\View\View->CodeIgniter\View\{closure}()
 4 SYSTEMPATH\Common.php(1171): CodeIgniter\View\View->render('regiones', [], true)
 5 APPPATH\Controllers\Regiones.php(15): view('regiones')
 6 SYSTEMPATH\CodeIgniter.php(933): App\Controllers\Regiones->index()
 7 SYSTEMPATH\CodeIgniter.php(509): CodeIgniter\CodeIgniter->runController(Object(App\Controllers\Regiones))
 8 SYSTEMPATH\CodeIgniter.php(355): CodeIgniter\CodeIgniter->handleRequest(null, Object(Config\Cache), false)
 9 SYSTEMPATH\Boot.php(325): CodeIgniter\CodeIgniter->run()
10 SYSTEMPATH\Boot.php(67): CodeIgniter\Boot::runCodeIgniter(Object(CodeIgniter\CodeIgniter))
11 FCPATH\index.php(56): CodeIgniter\Boot::bootWeb(Object(Config\Paths))
CRITICAL - 2024-07-12 16:55:56 --> ErrorException: Undefined variable $datos
[Method: GET, Route: ver_regiones]
in APPPATH\Views\regiones.php on line 22.
 1 APPPATH\Views\regiones.php(22): CodeIgniter\Debug\Exceptions->errorHandler(2, 'Undefined variable $datos', 'C:\\xampp\\htdocs\\fs2024\\ci4_ciudadanos\\app\\Views\\regiones.php', 22)
 2 SYSTEMPATH\View\View.php(234): include('C:\\xampp\\htdocs\\fs2024\\ci4_ciudadanos\\app\\Views\\regiones.php')
 3 SYSTEMPATH\View\View.php(237): CodeIgniter\View\View->CodeIgniter\View\{closure}()
 4 SYSTEMPATH\Common.php(1171): CodeIgniter\View\View->render('regiones', [], true)
 5 APPPATH\Controllers\Regiones.php(15): view('regiones')
 6 SYSTEMPATH\CodeIgniter.php(933): App\Controllers\Regiones->index()
 7 SYSTEMPATH\CodeIgniter.php(509): CodeIgniter\CodeIgniter->runController(Object(App\Controllers\Regiones))
 8 SYSTEMPATH\CodeIgniter.php(355): CodeIgniter\CodeIgniter->handleRequest(null, Object(Config\Cache), false)
 9 SYSTEMPATH\Boot.php(325): CodeIgniter\CodeIgniter->run()
10 SYSTEMPATH\Boot.php(67): CodeIgniter\Boot::runCodeIgniter(Object(CodeIgniter\CodeIgniter))
11 FCPATH\index.php(56): CodeIgniter\Boot::bootWeb(Object(Config\Paths))
CRITICAL - 2024-07-12 16:55:56 --> ErrorException: Undefined variable $datos
[Method: GET, Route: ver_regiones]
in APPPATH\Views\regiones.php on line 22.
 1 APPPATH\Views\regiones.php(22): CodeIgniter\Debug\Exceptions->errorHandler(2, 'Undefined variable $datos', 'C:\\xampp\\htdocs\\fs2024\\ci4_ciudadanos\\app\\Views\\regiones.php', 22)
 2 SYSTEMPATH\View\View.php(234): include('C:\\xampp\\htdocs\\fs2024\\ci4_ciudadanos\\app\\Views\\regiones.php')
 3 SYSTEMPATH\View\View.php(237): CodeIgniter\View\View->CodeIgniter\View\{closure}()
 4 SYSTEMPATH\Common.php(1171): CodeIgniter\View\View->render('regiones', [], true)
 5 APPPATH\Controllers\Regiones.php(15): view('regiones')
 6 SYSTEMPATH\CodeIgniter.php(933): App\Controllers\Regiones->index()
 7 SYSTEMPATH\CodeIgniter.php(509): CodeIgniter\CodeIgniter->runController(Object(App\Controllers\Regiones))
 8 SYSTEMPATH\CodeIgniter.php(355): CodeIgniter\CodeIgniter->handleRequest(null, Object(Config\Cache), false)
 9 SYSTEMPATH\Boot.php(325): CodeIgniter\CodeIgniter->run()
10 SYSTEMPATH\Boot.php(67): CodeIgniter\Boot::runCodeIgniter(Object(CodeIgniter\CodeIgniter))
11 FCPATH\index.php(56): CodeIgniter\Boot::bootWeb(Object(Config\Paths))
CRITICAL - 2024-07-12 16:55:57 --> ErrorException: Undefined variable $datos
[Method: GET, Route: ver_regiones]
in APPPATH\Views\regiones.php on line 22.
 1 APPPATH\Views\regiones.php(22): CodeIgniter\Debug\Exceptions->errorHandler(2, 'Undefined variable $datos', 'C:\\xampp\\htdocs\\fs2024\\ci4_ciudadanos\\app\\Views\\regiones.php', 22)
 2 SYSTEMPATH\View\View.php(234): include('C:\\xampp\\htdocs\\fs2024\\ci4_ciudadanos\\app\\Views\\regiones.php')
 3 SYSTEMPATH\View\View.php(237): CodeIgniter\View\View->CodeIgniter\View\{closure}()
 4 SYSTEMPATH\Common.php(1171): CodeIgniter\View\View->render('regiones', [], true)
 5 APPPATH\Controllers\Regiones.php(15): view('regiones')
 6 SYSTEMPATH\CodeIgniter.php(933): App\Controllers\Regiones->index()
 7 SYSTEMPATH\CodeIgniter.php(509): CodeIgniter\CodeIgniter->runController(Object(App\Controllers\Regiones))
 8 SYSTEMPATH\CodeIgniter.php(355): CodeIgniter\CodeIgniter->handleRequest(null, Object(Config\Cache), false)
 9 SYSTEMPATH\Boot.php(325): CodeIgniter\CodeIgniter->run()
10 SYSTEMPATH\Boot.php(67): CodeIgniter\Boot::runCodeIgniter(Object(CodeIgniter\CodeIgniter))
11 FCPATH\index.php(56): CodeIgniter\Boot::bootWeb(Object(Config\Paths))
CRITICAL - 2024-07-12 16:56:27 --> CodeIgniter\View\Exceptions\ViewException: Invalid file: "regiones,datos.php"
[Method: GET, Route: ver_regiones]
in SYSTEMPATH\Exceptions\FrameworkException.php on line 41.
 1 SYSTEMPATH\View\View.php(222): CodeIgniter\Exceptions\FrameworkException::forInvalidFile('regiones,datos.php')
 2 SYSTEMPATH\Common.php(1171): CodeIgniter\View\View->render('regiones,datos', [], true)
 3 APPPATH\Controllers\Regiones.php(15): view('regiones,datos')
 4 SYSTEMPATH\CodeIgniter.php(933): App\Controllers\Regiones->index()
 5 SYSTEMPATH\CodeIgniter.php(509): CodeIgniter\CodeIgniter->runController(Object(App\Controllers\Regiones))
 6 SYSTEMPATH\CodeIgniter.php(355): CodeIgniter\CodeIgniter->handleRequest(null, Object(Config\Cache), false)
 7 SYSTEMPATH\Boot.php(325): CodeIgniter\CodeIgniter->run()
 8 SYSTEMPATH\Boot.php(67): CodeIgniter\Boot::runCodeIgniter(Object(CodeIgniter\CodeIgniter))
 9 FCPATH\index.php(56): CodeIgniter\Boot::bootWeb(Object(Config\Paths))
CRITICAL - 2024-07-12 16:57:25 --> CodeIgniter\View\Exceptions\ViewException: Invalid file: "regiones,datos.php"
[Method: GET, Route: ver_regiones]
in SYSTEMPATH\Exceptions\FrameworkException.php on line 41.
 1 SYSTEMPATH\View\View.php(222): CodeIgniter\Exceptions\FrameworkException::forInvalidFile('regiones,datos.php')
 2 SYSTEMPATH\Common.php(1171): CodeIgniter\View\View->render('regiones,datos', [], true)
 3 APPPATH\Controllers\Regiones.php(15): view('regiones,datos')
 4 SYSTEMPATH\CodeIgniter.php(933): App\Controllers\Regiones->index()
 5 SYSTEMPATH\CodeIgniter.php(509): CodeIgniter\CodeIgniter->runController(Object(App\Controllers\Regiones))
 6 SYSTEMPATH\CodeIgniter.php(355): CodeIgniter\CodeIgniter->handleRequest(null, Object(Config\Cache), false)
 7 SYSTEMPATH\Boot.php(325): CodeIgniter\CodeIgniter->run()
 8 SYSTEMPATH\Boot.php(67): CodeIgniter\Boot::runCodeIgniter(Object(CodeIgniter\CodeIgniter))
 9 FCPATH\index.php(56): CodeIgniter\Boot::bootWeb(Object(Config\Paths))
CRITICAL - 2024-07-12 16:57:25 --> CodeIgniter\View\Exceptions\ViewException: Invalid file: "regiones,datos.php"
[Method: GET, Route: ver_regiones]
in SYSTEMPATH\Exceptions\FrameworkException.php on line 41.
 1 SYSTEMPATH\View\View.php(222): CodeIgniter\Exceptions\FrameworkException::forInvalidFile('regiones,datos.php')
 2 SYSTEMPATH\Common.php(1171): CodeIgniter\View\View->render('regiones,datos', [], true)
 3 APPPATH\Controllers\Regiones.php(15): view('regiones,datos')
 4 SYSTEMPATH\CodeIgniter.php(933): App\Controllers\Regiones->index()
 5 SYSTEMPATH\CodeIgniter.php(509): CodeIgniter\CodeIgniter->runController(Object(App\Controllers\Regiones))
 6 SYSTEMPATH\CodeIgniter.php(355): CodeIgniter\CodeIgniter->handleRequest(null, Object(Config\Cache), false)
 7 SYSTEMPATH\Boot.php(325): CodeIgniter\CodeIgniter->run()
 8 SYSTEMPATH\Boot.php(67): CodeIgniter\Boot::runCodeIgniter(Object(CodeIgniter\CodeIgniter))
 9 FCPATH\index.php(56): CodeIgniter\Boot::bootWeb(Object(Config\Paths))
CRITICAL - 2024-07-12 16:57:25 --> CodeIgniter\View\Exceptions\ViewException: Invalid file: "regiones,datos.php"
[Method: GET, Route: ver_regiones]
in SYSTEMPATH\Exceptions\FrameworkException.php on line 41.
 1 SYSTEMPATH\View\View.php(222): CodeIgniter\Exceptions\FrameworkException::forInvalidFile('regiones,datos.php')
 2 SYSTEMPATH\Common.php(1171): CodeIgniter\View\View->render('regiones,datos', [], true)
 3 APPPATH\Controllers\Regiones.php(15): view('regiones,datos')
 4 SYSTEMPATH\CodeIgniter.php(933): App\Controllers\Regiones->index()
 5 SYSTEMPATH\CodeIgniter.php(509): CodeIgniter\CodeIgniter->runController(Object(App\Controllers\Regiones))
 6 SYSTEMPATH\CodeIgniter.php(355): CodeIgniter\CodeIgniter->handleRequest(null, Object(Config\Cache), false)
 7 SYSTEMPATH\Boot.php(325): CodeIgniter\CodeIgniter->run()
 8 SYSTEMPATH\Boot.php(67): CodeIgniter\Boot::runCodeIgniter(Object(CodeIgniter\CodeIgniter))
 9 FCPATH\index.php(56): CodeIgniter\Boot::bootWeb(Object(Config\Paths))
CRITICAL - 2024-07-12 16:57:25 --> CodeIgniter\View\Exceptions\ViewException: Invalid file: "regiones,datos.php"
[Method: GET, Route: ver_regiones]
in SYSTEMPATH\Exceptions\FrameworkException.php on line 41.
 1 SYSTEMPATH\View\View.php(222): CodeIgniter\Exceptions\FrameworkException::forInvalidFile('regiones,datos.php')
 2 SYSTEMPATH\Common.php(1171): CodeIgniter\View\View->render('regiones,datos', [], true)
 3 APPPATH\Controllers\Regiones.php(15): view('regiones,datos')
 4 SYSTEMPATH\CodeIgniter.php(933): App\Controllers\Regiones->index()
 5 SYSTEMPATH\CodeIgniter.php(509): CodeIgniter\CodeIgniter->runController(Object(App\Controllers\Regiones))
 6 SYSTEMPATH\CodeIgniter.php(355): CodeIgniter\CodeIgniter->handleRequest(null, Object(Config\Cache), false)
 7 SYSTEMPATH\Boot.php(325): CodeIgniter\CodeIgniter->run()
 8 SYSTEMPATH\Boot.php(67): CodeIgniter\Boot::runCodeIgniter(Object(CodeIgniter\CodeIgniter))
 9 FCPATH\index.php(56): CodeIgniter\Boot::bootWeb(Object(Config\Paths))
CRITICAL - 2024-07-12 16:57:25 --> CodeIgniter\View\Exceptions\ViewException: Invalid file: "regiones,datos.php"
[Method: GET, Route: ver_regiones]
in SYSTEMPATH\Exceptions\FrameworkException.php on line 41.
 1 SYSTEMPATH\View\View.php(222): CodeIgniter\Exceptions\FrameworkException::forInvalidFile('regiones,datos.php')
 2 SYSTEMPATH\Common.php(1171): CodeIgniter\View\View->render('regiones,datos', [], true)
 3 APPPATH\Controllers\Regiones.php(15): view('regiones,datos')
 4 SYSTEMPATH\CodeIgniter.php(933): App\Controllers\Regiones->index()
 5 SYSTEMPATH\CodeIgniter.php(509): CodeIgniter\CodeIgniter->runController(Object(App\Controllers\Regiones))
 6 SYSTEMPATH\CodeIgniter.php(355): CodeIgniter\CodeIgniter->handleRequest(null, Object(Config\Cache), false)
 7 SYSTEMPATH\Boot.php(325): CodeIgniter\CodeIgniter->run()
 8 SYSTEMPATH\Boot.php(67): CodeIgniter\Boot::runCodeIgniter(Object(CodeIgniter\CodeIgniter))
 9 FCPATH\index.php(56): CodeIgniter\Boot::bootWeb(Object(Config\Paths))
CRITICAL - 2024-07-12 16:57:38 --> CodeIgniter\View\Exceptions\ViewException: Invalid file: "regiones,$datos.php"
[Method: GET, Route: ver_regiones]
in SYSTEMPATH\Exceptions\FrameworkException.php on line 41.
 1 SYSTEMPATH\View\View.php(222): CodeIgniter\Exceptions\FrameworkException::forInvalidFile('regiones,$datos.php')
 2 SYSTEMPATH\Common.php(1171): CodeIgniter\View\View->render('regiones,$datos', [], true)
 3 APPPATH\Controllers\Regiones.php(15): view('regiones,$datos')
 4 SYSTEMPATH\CodeIgniter.php(933): App\Controllers\Regiones->index()
 5 SYSTEMPATH\CodeIgniter.php(509): CodeIgniter\CodeIgniter->runController(Object(App\Controllers\Regiones))
 6 SYSTEMPATH\CodeIgniter.php(355): CodeIgniter\CodeIgniter->handleRequest(null, Object(Config\Cache), false)
 7 SYSTEMPATH\Boot.php(325): CodeIgniter\CodeIgniter->run()
 8 SYSTEMPATH\Boot.php(67): CodeIgniter\Boot::runCodeIgniter(Object(CodeIgniter\CodeIgniter))
 9 FCPATH\index.php(56): CodeIgniter\Boot::bootWeb(Object(Config\Paths))
CRITICAL - 2024-07-12 16:57:39 --> CodeIgniter\View\Exceptions\ViewException: Invalid file: "regiones,$datos.php"
[Method: GET, Route: ver_regiones]
in SYSTEMPATH\Exceptions\FrameworkException.php on line 41.
 1 SYSTEMPATH\View\View.php(222): CodeIgniter\Exceptions\FrameworkException::forInvalidFile('regiones,$datos.php')
 2 SYSTEMPATH\Common.php(1171): CodeIgniter\View\View->render('regiones,$datos', [], true)
 3 APPPATH\Controllers\Regiones.php(15): view('regiones,$datos')
 4 SYSTEMPATH\CodeIgniter.php(933): App\Controllers\Regiones->index()
 5 SYSTEMPATH\CodeIgniter.php(509): CodeIgniter\CodeIgniter->runController(Object(App\Controllers\Regiones))
 6 SYSTEMPATH\CodeIgniter.php(355): CodeIgniter\CodeIgniter->handleRequest(null, Object(Config\Cache), false)
 7 SYSTEMPATH\Boot.php(325): CodeIgniter\CodeIgniter->run()
 8 SYSTEMPATH\Boot.php(67): CodeIgniter\Boot::runCodeIgniter(Object(CodeIgniter\CodeIgniter))
 9 FCPATH\index.php(56): CodeIgniter\Boot::bootWeb(Object(Config\Paths))
CRITICAL - 2024-07-12 16:57:39 --> CodeIgniter\View\Exceptions\ViewException: Invalid file: "regiones,$datos.php"
[Method: GET, Route: ver_regiones]
in SYSTEMPATH\Exceptions\FrameworkException.php on line 41.
 1 SYSTEMPATH\View\View.php(222): CodeIgniter\Exceptions\FrameworkException::forInvalidFile('regiones,$datos.php')
 2 SYSTEMPATH\Common.php(1171): CodeIgniter\View\View->render('regiones,$datos', [], true)
 3 APPPATH\Controllers\Regiones.php(15): view('regiones,$datos')
 4 SYSTEMPATH\CodeIgniter.php(933): App\Controllers\Regiones->index()
 5 SYSTEMPATH\CodeIgniter.php(509): CodeIgniter\CodeIgniter->runController(Object(App\Controllers\Regiones))
 6 SYSTEMPATH\CodeIgniter.php(355): CodeIgniter\CodeIgniter->handleRequest(null, Object(Config\Cache), false)
 7 SYSTEMPATH\Boot.php(325): CodeIgniter\CodeIgniter->run()
 8 SYSTEMPATH\Boot.php(67): CodeIgniter\Boot::runCodeIgniter(Object(CodeIgniter\CodeIgniter))
 9 FCPATH\index.php(56): CodeIgniter\Boot::bootWeb(Object(Config\Paths))
CRITICAL - 2024-07-12 16:57:39 --> CodeIgniter\View\Exceptions\ViewException: Invalid file: "regiones,$datos.php"
[Method: GET, Route: ver_regiones]
in SYSTEMPATH\Exceptions\FrameworkException.php on line 41.
 1 SYSTEMPATH\View\View.php(222): CodeIgniter\Exceptions\FrameworkException::forInvalidFile('regiones,$datos.php')
 2 SYSTEMPATH\Common.php(1171): CodeIgniter\View\View->render('regiones,$datos', [], true)
 3 APPPATH\Controllers\Regiones.php(15): view('regiones,$datos')
 4 SYSTEMPATH\CodeIgniter.php(933): App\Controllers\Regiones->index()
 5 SYSTEMPATH\CodeIgniter.php(509): CodeIgniter\CodeIgniter->runController(Object(App\Controllers\Regiones))
 6 SYSTEMPATH\CodeIgniter.php(355): CodeIgniter\CodeIgniter->handleRequest(null, Object(Config\Cache), false)
 7 SYSTEMPATH\Boot.php(325): CodeIgniter\CodeIgniter->run()
 8 SYSTEMPATH\Boot.php(67): CodeIgniter\Boot::runCodeIgniter(Object(CodeIgniter\CodeIgniter))
 9 FCPATH\index.php(56): CodeIgniter\Boot::bootWeb(Object(Config\Paths))
CRITICAL - 2024-07-12 16:57:40 --> CodeIgniter\View\Exceptions\ViewException: Invalid file: "regiones,$datos.php"
[Method: GET, Route: ver_regiones]
in SYSTEMPATH\Exceptions\FrameworkException.php on line 41.
 1 SYSTEMPATH\View\View.php(222): CodeIgniter\Exceptions\FrameworkException::forInvalidFile('regiones,$datos.php')
 2 SYSTEMPATH\Common.php(1171): CodeIgniter\View\View->render('regiones,$datos', [], true)
 3 APPPATH\Controllers\Regiones.php(15): view('regiones,$datos')
 4 SYSTEMPATH\CodeIgniter.php(933): App\Controllers\Regiones->index()
 5 SYSTEMPATH\CodeIgniter.php(509): CodeIgniter\CodeIgniter->runController(Object(App\Controllers\Regiones))
 6 SYSTEMPATH\CodeIgniter.php(355): CodeIgniter\CodeIgniter->handleRequest(null, Object(Config\Cache), false)
 7 SYSTEMPATH\Boot.php(325): CodeIgniter\CodeIgniter->run()
 8 SYSTEMPATH\Boot.php(67): CodeIgniter\Boot::runCodeIgniter(Object(CodeIgniter\CodeIgniter))
 9 FCPATH\index.php(56): CodeIgniter\Boot::bootWeb(Object(Config\Paths))
CRITICAL - 2024-07-12 16:57:45 --> CodeIgniter\View\Exceptions\ViewException: Invalid file: "regiones,.php"
[Method: GET, Route: ver_regiones]
in SYSTEMPATH\Exceptions\FrameworkException.php on line 41.
 1 SYSTEMPATH\View\View.php(222): CodeIgniter\Exceptions\FrameworkException::forInvalidFile('regiones,.php')
 2 SYSTEMPATH\Common.php(1171): CodeIgniter\View\View->render('regiones,', [], true)
 3 APPPATH\Controllers\Regiones.php(15): view('regiones,')
 4 SYSTEMPATH\CodeIgniter.php(933): App\Controllers\Regiones->index()
 5 SYSTEMPATH\CodeIgniter.php(509): CodeIgniter\CodeIgniter->runController(Object(App\Controllers\Regiones))
 6 SYSTEMPATH\CodeIgniter.php(355): CodeIgniter\CodeIgniter->handleRequest(null, Object(Config\Cache), false)
 7 SYSTEMPATH\Boot.php(325): CodeIgniter\CodeIgniter->run()
 8 SYSTEMPATH\Boot.php(67): CodeIgniter\Boot::runCodeIgniter(Object(CodeIgniter\CodeIgniter))
 9 FCPATH\index.php(56): CodeIgniter\Boot::bootWeb(Object(Config\Paths))
CRITICAL - 2024-07-12 16:57:45 --> CodeIgniter\View\Exceptions\ViewException: Invalid file: "regiones,.php"
[Method: GET, Route: ver_regiones]
in SYSTEMPATH\Exceptions\FrameworkException.php on line 41.
 1 SYSTEMPATH\View\View.php(222): CodeIgniter\Exceptions\FrameworkException::forInvalidFile('regiones,.php')
 2 SYSTEMPATH\Common.php(1171): CodeIgniter\View\View->render('regiones,', [], true)
 3 APPPATH\Controllers\Regiones.php(15): view('regiones,')
 4 SYSTEMPATH\CodeIgniter.php(933): App\Controllers\Regiones->index()
 5 SYSTEMPATH\CodeIgniter.php(509): CodeIgniter\CodeIgniter->runController(Object(App\Controllers\Regiones))
 6 SYSTEMPATH\CodeIgniter.php(355): CodeIgniter\CodeIgniter->handleRequest(null, Object(Config\Cache), false)
 7 SYSTEMPATH\Boot.php(325): CodeIgniter\CodeIgniter->run()
 8 SYSTEMPATH\Boot.php(67): CodeIgniter\Boot::runCodeIgniter(Object(CodeIgniter\CodeIgniter))
 9 FCPATH\index.php(56): CodeIgniter\Boot::bootWeb(Object(Config\Paths))
CRITICAL - 2024-07-12 16:57:46 --> CodeIgniter\View\Exceptions\ViewException: Invalid file: "regiones,.php"
[Method: GET, Route: ver_regiones]
in SYSTEMPATH\Exceptions\FrameworkException.php on line 41.
 1 SYSTEMPATH\View\View.php(222): CodeIgniter\Exceptions\FrameworkException::forInvalidFile('regiones,.php')
 2 SYSTEMPATH\Common.php(1171): CodeIgniter\View\View->render('regiones,', [], true)
 3 APPPATH\Controllers\Regiones.php(15): view('regiones,')
 4 SYSTEMPATH\CodeIgniter.php(933): App\Controllers\Regiones->index()
 5 SYSTEMPATH\CodeIgniter.php(509): CodeIgniter\CodeIgniter->runController(Object(App\Controllers\Regiones))
 6 SYSTEMPATH\CodeIgniter.php(355): CodeIgniter\CodeIgniter->handleRequest(null, Object(Config\Cache), false)
 7 SYSTEMPATH\Boot.php(325): CodeIgniter\CodeIgniter->run()
 8 SYSTEMPATH\Boot.php(67): CodeIgniter\Boot::runCodeIgniter(Object(CodeIgniter\CodeIgniter))
 9 FCPATH\index.php(56): CodeIgniter\Boot::bootWeb(Object(Config\Paths))
CRITICAL - 2024-07-12 16:57:46 --> CodeIgniter\View\Exceptions\ViewException: Invalid file: "regiones,.php"
[Method: GET, Route: ver_regiones]
in SYSTEMPATH\Exceptions\FrameworkException.php on line 41.
 1 SYSTEMPATH\View\View.php(222): CodeIgniter\Exceptions\FrameworkException::forInvalidFile('regiones,.php')
 2 SYSTEMPATH\Common.php(1171): CodeIgniter\View\View->render('regiones,', [], true)
 3 APPPATH\Controllers\Regiones.php(15): view('regiones,')
 4 SYSTEMPATH\CodeIgniter.php(933): App\Controllers\Regiones->index()
 5 SYSTEMPATH\CodeIgniter.php(509): CodeIgniter\CodeIgniter->runController(Object(App\Controllers\Regiones))
 6 SYSTEMPATH\CodeIgniter.php(355): CodeIgniter\CodeIgniter->handleRequest(null, Object(Config\Cache), false)
 7 SYSTEMPATH\Boot.php(325): CodeIgniter\CodeIgniter->run()
 8 SYSTEMPATH\Boot.php(67): CodeIgniter\Boot::runCodeIgniter(Object(CodeIgniter\CodeIgniter))
 9 FCPATH\index.php(56): CodeIgniter\Boot::bootWeb(Object(Config\Paths))
CRITICAL - 2024-07-12 16:57:46 --> CodeIgniter\View\Exceptions\ViewException: Invalid file: "regiones,.php"
[Method: GET, Route: ver_regiones]
in SYSTEMPATH\Exceptions\FrameworkException.php on line 41.
 1 SYSTEMPATH\View\View.php(222): CodeIgniter\Exceptions\FrameworkException::forInvalidFile('regiones,.php')
 2 SYSTEMPATH\Common.php(1171): CodeIgniter\View\View->render('regiones,', [], true)
 3 APPPATH\Controllers\Regiones.php(15): view('regiones,')
 4 SYSTEMPATH\CodeIgniter.php(933): App\Controllers\Regiones->index()
 5 SYSTEMPATH\CodeIgniter.php(509): CodeIgniter\CodeIgniter->runController(Object(App\Controllers\Regiones))
 6 SYSTEMPATH\CodeIgniter.php(355): CodeIgniter\CodeIgniter->handleRequest(null, Object(Config\Cache), false)
 7 SYSTEMPATH\Boot.php(325): CodeIgniter\CodeIgniter->run()
 8 SYSTEMPATH\Boot.php(67): CodeIgniter\Boot::runCodeIgniter(Object(CodeIgniter\CodeIgniter))
 9 FCPATH\index.php(56): CodeIgniter\Boot::bootWeb(Object(Config\Paths))
CRITICAL - 2024-07-12 16:57:46 --> CodeIgniter\View\Exceptions\ViewException: Invalid file: "regiones,.php"
[Method: GET, Route: ver_regiones]
in SYSTEMPATH\Exceptions\FrameworkException.php on line 41.
 1 SYSTEMPATH\View\View.php(222): CodeIgniter\Exceptions\FrameworkException::forInvalidFile('regiones,.php')
 2 SYSTEMPATH\Common.php(1171): CodeIgniter\View\View->render('regiones,', [], true)
 3 APPPATH\Controllers\Regiones.php(15): view('regiones,')
 4 SYSTEMPATH\CodeIgniter.php(933): App\Controllers\Regiones->index()
 5 SYSTEMPATH\CodeIgniter.php(509): CodeIgniter\CodeIgniter->runController(Object(App\Controllers\Regiones))
 6 SYSTEMPATH\CodeIgniter.php(355): CodeIgniter\CodeIgniter->handleRequest(null, Object(Config\Cache), false)
 7 SYSTEMPATH\Boot.php(325): CodeIgniter\CodeIgniter->run()
 8 SYSTEMPATH\Boot.php(67): CodeIgniter\Boot::runCodeIgniter(Object(CodeIgniter\CodeIgniter))
 9 FCPATH\index.php(56): CodeIgniter\Boot::bootWeb(Object(Config\Paths))
CRITICAL - 2024-07-12 16:57:46 --> CodeIgniter\View\Exceptions\ViewException: Invalid file: "regiones,.php"
[Method: GET, Route: ver_regiones]
in SYSTEMPATH\Exceptions\FrameworkException.php on line 41.
 1 SYSTEMPATH\View\View.php(222): CodeIgniter\Exceptions\FrameworkException::forInvalidFile('regiones,.php')
 2 SYSTEMPATH\Common.php(1171): CodeIgniter\View\View->render('regiones,', [], true)
 3 APPPATH\Controllers\Regiones.php(15): view('regiones,')
 4 SYSTEMPATH\CodeIgniter.php(933): App\Controllers\Regiones->index()
 5 SYSTEMPATH\CodeIgniter.php(509): CodeIgniter\CodeIgniter->runController(Object(App\Controllers\Regiones))
 6 SYSTEMPATH\CodeIgniter.php(355): CodeIgniter\CodeIgniter->handleRequest(null, Object(Config\Cache), false)
 7 SYSTEMPATH\Boot.php(325): CodeIgniter\CodeIgniter->run()
 8 SYSTEMPATH\Boot.php(67): CodeIgniter\Boot::runCodeIgniter(Object(CodeIgniter\CodeIgniter))
 9 FCPATH\index.php(56): CodeIgniter\Boot::bootWeb(Object(Config\Paths))
CRITICAL - 2024-07-12 16:57:47 --> CodeIgniter\View\Exceptions\ViewException: Invalid file: "regiones,.php"
[Method: GET, Route: ver_regiones]
in SYSTEMPATH\Exceptions\FrameworkException.php on line 41.
 1 SYSTEMPATH\View\View.php(222): CodeIgniter\Exceptions\FrameworkException::forInvalidFile('regiones,.php')
 2 SYSTEMPATH\Common.php(1171): CodeIgniter\View\View->render('regiones,', [], true)
 3 APPPATH\Controllers\Regiones.php(15): view('regiones,')
 4 SYSTEMPATH\CodeIgniter.php(933): App\Controllers\Regiones->index()
 5 SYSTEMPATH\CodeIgniter.php(509): CodeIgniter\CodeIgniter->runController(Object(App\Controllers\Regiones))
 6 SYSTEMPATH\CodeIgniter.php(355): CodeIgniter\CodeIgniter->handleRequest(null, Object(Config\Cache), false)
 7 SYSTEMPATH\Boot.php(325): CodeIgniter\CodeIgniter->run()
 8 SYSTEMPATH\Boot.php(67): CodeIgniter\Boot::runCodeIgniter(Object(CodeIgniter\CodeIgniter))
 9 FCPATH\index.php(56): CodeIgniter\Boot::bootWeb(Object(Config\Paths))
CRITICAL - 2024-07-12 16:57:50 --> ErrorException: Undefined variable $datos
[Method: GET, Route: ver_regiones]
in APPPATH\Views\regiones.php on line 22.
 1 APPPATH\Views\regiones.php(22): CodeIgniter\Debug\Exceptions->errorHandler(2, 'Undefined variable $datos', 'C:\\xampp\\htdocs\\fs2024\\ci4_ciudadanos\\app\\Views\\regiones.php', 22)
 2 SYSTEMPATH\View\View.php(234): include('C:\\xampp\\htdocs\\fs2024\\ci4_ciudadanos\\app\\Views\\regiones.php')
 3 SYSTEMPATH\View\View.php(237): CodeIgniter\View\View->CodeIgniter\View\{closure}()
 4 SYSTEMPATH\Common.php(1171): CodeIgniter\View\View->render('regiones', [], true)
 5 APPPATH\Controllers\Regiones.php(15): view('regiones')
 6 SYSTEMPATH\CodeIgniter.php(933): App\Controllers\Regiones->index()
 7 SYSTEMPATH\CodeIgniter.php(509): CodeIgniter\CodeIgniter->runController(Object(App\Controllers\Regiones))
 8 SYSTEMPATH\CodeIgniter.php(355): CodeIgniter\CodeIgniter->handleRequest(null, Object(Config\Cache), false)
 9 SYSTEMPATH\Boot.php(325): CodeIgniter\CodeIgniter->run()
10 SYSTEMPATH\Boot.php(67): CodeIgniter\Boot::runCodeIgniter(Object(CodeIgniter\CodeIgniter))
11 FCPATH\index.php(56): CodeIgniter\Boot::bootWeb(Object(Config\Paths))
